Feedback/app/build/outputs/logs/manifest-merger-debug-report.txt
-- Merging decision tree log ---
manifest
ADDED from src\main\AndroidManifest.xml:2:1-101:12
INJECTED from src\main\AndroidManifest.xml:2:1-101:12
INJECTED from src\main\AndroidManifest.xml:2:1-101:12
INJECTED from src\main\AndroidManifest.xml:2:1-101:12
MERGED from [com.android.support:appcompat-v7:27.0.2] AndroidManifest.xml:17:1-22:12
MERGED from [com.truizlop.sectionedrecyclerview:library:1.2.0] AndroidManifest.xml:2:1-14:12
MERGED from [com.android.support:recyclerview-v7:27.0.2] AndroidManifest.xml:17:1-22:12
MERGED from [:picture_library-debug:] AndroidManifest.xml:2:1-39:12
MERGED from [:glide-4.5.0:] AndroidManifest.xml:2:1-13:12
MERGED from [:gifdecoder-4.5.0:] AndroidManifest.xml:2:1-11:12
MERGED from [:rxandroid-2.0.1:] AndroidManifest.xml:15:1-21:12
MERGED from [com.android.support:support-fragment:27.0.2] AndroidManifest.xml:17:1-22:12
MERGED from [com.android.support:support-core-utils:27.0.2] AndroidManifest.xml:17:1-22:12
MERGED from [com.android.support:animated-vector-drawable:27.0.2] AndroidManifest.xml:17:1-22:12
MERGED from [com.android.support:support-vector-drawable:27.0.2] AndroidManifest.xml:17:1-22:12
MERGED from [com.android.support:support-core-ui:27.0.2] AndroidManifest.xml:17:1-22:12
MERGED from [com.android.support:support-compat:27.0.2] AndroidManifest.xml:17:1-22:12
MERGED from [android.arch.lifecycle:runtime:1.0.3] AndroidManifest.xml:17:1-24:12
INJECTED from src\main\AndroidManifest.xml:2:1-101:12
INJECTED from src\main\AndroidManifest.xml:2:1-101:12
INJECTED from src\main\AndroidManifest.xml:2:1-101:12
	package
		ADDED from src\main\AndroidManifest.xml:3:5-38
		INJECTED from src\main\AndroidManifest.xml
		INJECTED from src\main\AndroidManifest.xml
	android:sharedUserId
		ADDED from src\main\AndroidManifest.xml:4:5-46
	android:versionName
		ADDED from src\main\AndroidManifest.xml:6:5-32
		INJECTED from src\main\AndroidManifest.xml
		INJECTED from src\main\AndroidManifest.xml
	xmlns:android
		ADDED from src\main\AndroidManifest.xml:2:11-69
	android:versionCode
		ADDED from src\main\AndroidManifest.xml:5:5-30
		INJECTED from src\main\AndroidManifest.xml
		INJECTED from src\main\AndroidManifest.xml
uses-sdk
ADDED from src\main\AndroidManifest.xml:9:5-11:41
INJECTED from src\main\AndroidManifest.xml:9:5-11:41
INJECTED from src\main\AndroidManifest.xml:9:5-11:41
MERGED from [com.android.support:appcompat-v7:27.0.2] AndroidManifest.xml:20:5-44
MERGED from [com.android.support:appcompat-v7:27.0.2] AndroidManifest.xml:20:5-44
MERGED from [com.truizlop.sectionedrecyclerview:library:1.2.0] AndroidManifest.xml:7:5-9:41
MERGED from [com.truizlop.sectionedrecyclerview:library:1.2.0] AndroidManifest.xml:7:5-9:41
MERGED from [com.android.support:recyclerview-v7:27.0.2] AndroidManifest.xml:20:5-44
MERGED from [com.android.support:recyclerview-v7:27.0.2] AndroidManifest.xml:20:5-44
MERGED from [:picture_library-debug:] AndroidManifest.xml:7:5-9:41
MERGED from [:picture_library-debug:] AndroidManifest.xml:7:5-9:41
MERGED from [:glide-4.5.0:] AndroidManifest.xml:7:5-9:41
MERGED from [:glide-4.5.0:] AndroidManifest.xml:7:5-9:41
MERGED from [:gifdecoder-4.5.0:] AndroidManifest.xml:5:5-7:41
MERGED from [:gifdecoder-4.5.0:] AndroidManifest.xml:5:5-7:41
MERGED from [:rxandroid-2.0.1:] AndroidManifest.xml:19:5-43
MERGED from [:rxandroid-2.0.1:] AndroidManifest.xml:19:5-43
MERGED from [com.android.support:support-fragment:27.0.2] AndroidManifest.xml:20:5-44
MERGED from [com.android.support:support-fragment:27.0.2] AndroidManifest.xml:20:5-44
MERGED from [com.android.support:support-core-utils:27.0.2] AndroidManifest.xml:20:5-44
MERGED from [com.android.support:support-core-utils:27.0.2] AndroidManifest.xml:20:5-44
MERGED from [com.android.support:animated-vector-drawable:27.0.2] AndroidManifest.xml:20:5-44
MERGED from [com.android.support:animated-vector-drawable:27.0.2] AndroidManifest.xml:20:5-44
MERGED from [com.android.support:support-vector-drawable:27.0.2] AndroidManifest.xml:20:5-44
MERGED from [com.android.support:support-vector-drawable:27.0.2] AndroidManifest.xml:20:5-44
MERGED from [com.android.support:support-core-ui:27.0.2] AndroidManifest.xml:20:5-44
MERGED from [com.android.support:support-core-ui:27.0.2] AndroidManifest.xml:20:5-44
MERGED from [com.android.support:support-compat:27.0.2] AndroidManifest.xml:20:5-44
MERGED from [com.android.support:support-compat:27.0.2] AndroidManifest.xml:20:5-44
MERGED from [android.arch.lifecycle:runtime:1.0.3] AndroidManifest.xml:20:5-22:41
MERGED from [android.arch.lifecycle:runtime:1.0.3] AndroidManifest.xml:20:5-22:41
INJECTED from src\main\AndroidManifest.xml:9:5-11:41
INJECTED from src\main\AndroidManifest.xml:9:5-11:41
	android:targetSdkVersion
		ADDED from src\main\AndroidManifest.xml:11:9-38
		INJECTED from src\main\AndroidManifest.xml
		INJECTED from src\main\AndroidManifest.xml
	android:minSdkVersion
		ADDED from src\main\AndroidManifest.xml:10:9-35
		INJECTED from src\main\AndroidManifest.xml
		INJECTED from src\main\AndroidManifest.xml
uses-permission#android.permission.WRITE_EXTERNAL_STORAGE
ADDED from src\main\AndroidManifest.xml:13:5-80
	android:name
		ADDED from src\main\AndroidManifest.xml:13:22-78
uses-permission#android.permission.READ_EXTERNAL_STORAGE
ADDED from src\main\AndroidManifest.xml:14:5-79
	android:name
		ADDED from src\main\AndroidManifest.xml:14:22-77
uses-permission#android.permission.INTERNET
ADDED from src\main\AndroidManifest.xml:15:5-66
	android:name
		ADDED from src\main\AndroidManifest.xml:15:22-64
uses-permission#android.permission.ACCESS_NETWORK_STATE
ADDED from src\main\AndroidManifest.xml:16:5-78
	android:name
		ADDED from src\main\AndroidManifest.xml:16:22-76
uses-permission#android.permission.READ_PHONE_STATE
ADDED from src\main\AndroidManifest.xml:17:5-75
	android:name
		ADDED from src\main\AndroidManifest.xml:17:22-72
uses-permission#android.permission.READ_PHONE_NUMBERS
ADDED from src\main\AndroidManifest.xml:18:5-76
	android:name
		ADDED from src\main\AndroidManifest.xml:18:22-74
uses-permission#android.permission.WAKE_LOCK
ADDED from src\main\AndroidManifest.xml:19:5-67
	android:name
		ADDED from src\main\AndroidManifest.xml:19:22-65
uses-permission#android.permission.VIBRATE
ADDED from src\main\AndroidManifest.xml:20:5-65
	android:name
		ADDED from src\main\AndroidManifest.xml:20:22-63
uses-permission#android.permission.CAMERA
ADDED from src\main\AndroidManifest.xml:21:5-65
	android:name
		ADDED from src\main\AndroidManifest.xml:21:22-62
uses-permission#android.permission.ACCESS_SUPERUSER
ADDED from src\main\AndroidManifest.xml:22:5-75
	android:name
		ADDED from src\main\AndroidManifest.xml:22:22-72
application
ADDED from src\main\AndroidManifest.xml:24:5-100:19
MERGED from [com.truizlop.sectionedrecyclerview:library:1.2.0] AndroidManifest.xml:11:5-12:19
MERGED from [com.truizlop.sectionedrecyclerview:library:1.2.0] AndroidManifest.xml:11:5-12:19
MERGED from [:picture_library-debug:] AndroidManifest.xml:11:5-37:19
MERGED from [:picture_library-debug:] AndroidManifest.xml:11:5-37:19
MERGED from [:glide-4.5.0:] AndroidManifest.xml:11:5-20
MERGED from [:glide-4.5.0:] AndroidManifest.xml:11:5-20
MERGED from [:gifdecoder-4.5.0:] AndroidManifest.xml:9:5-20
MERGED from [:gifdecoder-4.5.0:] AndroidManifest.xml:9:5-20
	android:supportsRtl
		ADDED from src\main\AndroidManifest.xml:30:9-35
	android:label
		ADDED from src\main\AndroidManifest.xml:29:9-41
	android:resizeableActivity
		ADDED from src\main\AndroidManifest.xml:31:9-42
	android:roundIcon
		ADDED from src\main\AndroidManifest.xml:28:9-63
	android:icon
		ADDED from src\main\AndroidManifest.xml:27:9-52
	android:allowBackup
		ADDED from src\main\AndroidManifest.xml:26:9-35
	android:theme
		ADDED from src\main\AndroidManifest.xml:32:9-40
	android:name
		ADDED from src\main\AndroidManifest.xml:25:9-36
activity#com.cloudminds.feedback.activity.MainActivity
ADDED from src\main\AndroidManifest.xml:34:9-42:20
	android:screenOrientation
		ADDED from src\main\AndroidManifest.xml:36:13-49
	android:windowSoftInputMode
		ADDED from src\main\AndroidManifest.xml:35:13-67
	android:configChanges
		ADDED from src\main\AndroidManifest.xml:37:13-106
	android:name
		ADDED from src\main\AndroidManifest.xml:34:19-79
intent-filter#android.intent.action.MAIN+android.intent.category.LAUNCHER
ADDED from src\main\AndroidManifest.xml:38:13-41:29
action#android.intent.action.MAIN
ADDED from src\main\AndroidManifest.xml:39:17-69
	android:name
		ADDED from src\main\AndroidManifest.xml:39:25-66
category#android.intent.category.LAUNCHER
ADDED from src\main\AndroidManifest.xml:40:17-77
	android:name
		ADDED from src\main\AndroidManifest.xml:40:27-74
activity#com.cloudminds.feedback.activity.UploadActivity
ADDED from src\main\AndroidManifest.xml:44:9-47:20
	android:theme
		ADDED from src\main\AndroidManifest.xml:45:13-72
	android:name
		ADDED from src\main\AndroidManifest.xml:44:19-81
activity#com.cloudminds.feedback.activity.ChooseModuleActivity
ADDED from src\main\AndroidManifest.xml:49:9-54:20
	android:screenOrientation
		ADDED from src\main\AndroidManifest.xml:51:13-49
	android:launchMode
		ADDED from src\main\AndroidManifest.xml:50:13-44
	android:configChanges
		ADDED from src\main\AndroidManifest.xml:52:13-106
	android:name
		ADDED from src\main\AndroidManifest.xml:49:19-87
activity#com.cloudminds.feedback.activity.LogConfigActivity
ADDED from src\main\AndroidManifest.xml:55:9-58:61
	android:screenOrientation
		ADDED from src\main\AndroidManifest.xml:58:13-49
	android:exported
		ADDED from src\main\AndroidManifest.xml:57:13-36
	android:name
		ADDED from src\main\AndroidManifest.xml:56:13-78
activity#com.cloudminds.feedback.activity.SettingActivity
ADDED from src\main\AndroidManifest.xml:60:9-62:61
	android:screenOrientation
		ADDED from src\main\AndroidManifest.xml:62:13-49
	android:name
		ADDED from src\main\AndroidManifest.xml:61:13-76
activity#com.cloudminds.feedback.activity.UserFeedbackSettingsActivity
ADDED from src\main\AndroidManifest.xml:64:9-71:20
	android:label
		ADDED from src\main\AndroidManifest.xml:65:13-58
	android:taskAffinity
		ADDED from src\main\AndroidManifest.xml:66:13-59
	android:name
		ADDED from src\main\AndroidManifest.xml:64:19-95
intent-filter#android.intent.category.DEFAULT+android.settings.FEEDBACK_SETTINGS
ADDED from src\main\AndroidManifest.xml:67:13-70:29
	android:priority
		ADDED from src\main\AndroidManifest.xml:67:28-48
action#android.settings.FEEDBACK_SETTINGS
ADDED from src\main\AndroidManifest.xml:68:17-77
	android:name
		ADDED from src\main\AndroidManifest.xml:68:25-74
category#android.intent.category.DEFAULT
ADDED from src\main\AndroidManifest.xml:69:17-76
	android:name
		ADDED from src\main\AndroidManifest.xml:69:27-73
activity#com.cloudminds.feedback.activity.UserFeedbackDetailActivity
ADDED from src\main\AndroidManifest.xml:73:9-76:20
	android:parentActivityName
		ADDED from src\main\AndroidManifest.xml:75:13-90
	android:label
		ADDED from src\main\AndroidManifest.xml:74:13-58
	android:name
		ADDED from src\main\AndroidManifest.xml:73:19-93
activity#com.cloudminds.feedback.activity.TaskDetailsActivity
ADDED from src\main\AndroidManifest.xml:78:9-66
	android:name
		ADDED from src\main\AndroidManifest.xml:78:19-63
activity#com.cloudminds.feedback.activity.TasksListActivity
ADDED from src\main\AndroidManifest.xml:79:9-64
	android:name
		ADDED from src\main\AndroidManifest.xml:79:19-61
activity#com.cloudminds.feedback.activity.HistorysListActivity
ADDED from src\main\AndroidManifest.xml:80:9-67
	android:name
		ADDED from src\main\AndroidManifest.xml:80:19-64
service#com.cloudminds.feedback.net.UploadTasksService
ADDED from src\main\AndroidManifest.xml:81:9-83:19
	android:enabled
		ADDED from src\main\AndroidManifest.xml:82:13-35
	android:name
		ADDED from src\main\AndroidManifest.xml:81:18-79
service#com.cloudminds.feedback.net.UploadService
ADDED from src\main\AndroidManifest.xml:84:9-87:19
	android:enabled
		ADDED from src\main\AndroidManifest.xml:85:13-35
	android:exported
		ADDED from src\main\AndroidManifest.xml:86:13-36
	android:name
		ADDED from src\main\AndroidManifest.xml:84:18-74
service#net.gotev.uploadservice.UploadService
ADDED from src\main\AndroidManifest.xml:88:9-92:19
	android:enabled
		ADDED from src\main\AndroidManifest.xml:90:13-35
	android:exported
		ADDED from src\main\AndroidManifest.xml:91:13-37
	android:name
		ADDED from src\main\AndroidManifest.xml:89:13-65
receiver#com.cloudminds.feedback.app.FeedbackReceiver
ADDED from src\main\AndroidManifest.xml:94:9-98:20
	android:enabled
		ADDED from src\main\AndroidManifest.xml:96:13-35
	android:exported
		ADDED from src\main\AndroidManifest.xml:97:13-36
	android:name
		ADDED from src\main\AndroidManifest.xml:95:13-49
activity#com.luck.picture.lib.PictureSelectorActivity
ADDED from [:picture_library-debug:] AndroidManifest.xml:12:9-16:55
	android:windowSoftInputMode
		ADDED from [:picture_library-debug:] AndroidManifest.xml:16:13-52
	android:configChanges
		ADDED from [:picture_library-debug:] AndroidManifest.xml:14:13-106
	android:theme
		ADDED from [:picture_library-debug:] AndroidManifest.xml:15:13-50
	android:name
		ADDED from [:picture_library-debug:] AndroidManifest.xml:13:13-72
activity#com.luck.picture.lib.PicturePreviewActivity
ADDED from [:picture_library-debug:] AndroidManifest.xml:17:9-19:53
	android:theme
		ADDED from [:picture_library-debug:] AndroidManifest.xml:19:13-50
	android:name
		ADDED from [:picture_library-debug:] AndroidManifest.xml:18:13-71
activity#com.luck.picture.lib.PictureVideoPlayActivity
ADDED from [:picture_library-debug:] AndroidManifest.xml:20:9-24:53
	android:screenOrientation
		ADDED from [:picture_library-debug:] AndroidManifest.xml:23:13-47
	android:configChanges
		ADDED from [:picture_library-debug:] AndroidManifest.xml:22:13-74
	android:theme
		ADDED from [:picture_library-debug:] AndroidManifest.xml:24:13-50
	android:name
		ADDED from [:picture_library-debug:] AndroidManifest.xml:21:13-73
activity#com.luck.picture.lib.PictureExternalPreviewActivity
ADDED from [:picture_library-debug:] AndroidManifest.xml:25:9-27:53
	android:theme
		ADDED from [:picture_library-debug:] AndroidManifest.xml:27:13-50
	android:name
		ADDED from [:picture_library-debug:] AndroidManifest.xml:26:13-79
activity#com.luck.picture.lib.PicturePlayAudioActivity
ADDED from [:picture_library-debug:] AndroidManifest.xml:34:9-36:72
	android:theme
		ADDED from [:picture_library-debug:] AndroidManifest.xml:36:13-69
	android:name
		ADDED from [:picture_library-debug:] AndroidManifest.xml:35:13-73